    "abutting",
    "adeling",
    "adsmithing",
    "afluking",
    "afterburning",
    "aftercoming",
    "afterking",
    "afterplanting",
    "afterreckoning",
    "afterripening",
    "afterspring",
    "afterswarming",
    "afterworking",
    "agoing",
    "aisling",
    "allthing",
    "almsgiving",
    "ambuling",
    "anglewing",
    "antespring",
    "antiagglutinating",
    "antiboxing",
    "anticlogging",
    "anticoagulating",
    "anticovenanting",
    "anticreeping",
    "antidancing",
    "antidetonating",
    "antidumping",
    "antiexporting",
    "antiflattering",
    "antifoaming",
    "antifouling",
    "antifreezing",
    "antigambling",
    "antiganting",
    "antihunting",
    "antiking",
    "antileveling",
    "antilynching",
    "antimixing",
    "antioxidizing",
    "antipooling",
    "antipriming",
    "antiprofiteering",
    "antiracing",
    "antiradiating",
    "antirebating",
    "antirecruiting",
    "antireforming",
    "antishipping",
    "antiskidding",
    "antismoking",
    "antisplitting",
    "antispreading",
    "antisquatting",
    "antistalling",
    "antivibrating",
    "antling",
    "anubing",
    "anything",
    "apeling",
    "archking",
    "ashlaring",
    "ashling",
    "aspring",
    "aswing",
    "atheling",
    "athing",
    "authorling",
    "autoagglutinating",
    "autoboating",
    "autocamping",
    "autografting",
    "autoloading",
    "autosexing",
    "autoturning",
    "awanting",
    "awning",
    "axmaking",
    "baahling",
    "backaching",
    "backbearing",
    "backbreaking",
    "backfilling",
    "backsetting",
    "backslapping",
    "backspringing",
    "backstring",
    "backswing",
    "backswording",
    "backwashing",
    "bagmaking",
    "baining",
    "baldling",
    "balladling",
    "balladmongering",
    "balustrading",
    "bandstring",
    "bangling",
    "banqueteering",
    "bantling",
    "banxring",
    "bardling",
    "barkpeeling",
    "barling",
    "barrelmaking",
    "bartending",
    "basketing",
    "basketmaking",
    "batikuling",
    "batling",
    "batswing",
    "batting",
    "batwing",
    "baubling",
    "beachcombing",
    "beagling",
    "bealing",
    "beamfilling",
    "bearbaiting",
    "beastling",
    "bedmaking",
    "bedspring",
    "bedstring",
    "bedticking",
    "beekeeping",
    "beermaking",
    "beeswing",
    "beking",
    "bellhanging",
    "bellmaking",
    "bellowsmaking",
    "beltmaking",
    "bemaddening",
    "benting",
    "berrypicking",
    "besing",
    "besotting",
    "bilimbing",
    "billbroking",
    "billheading",
    "billposting",
    "billsticking",
    "bing",
    "birdbanding",
    "birdcatching",
    "birdling",
    "birefracting",
    "biscuiting",
    "biscuitmaking",
    "bishopling",
    "bitewing",
    "bitterling",
    "blackbirding",
    "blackfishing",
    "blacksmithing",
    "blading",
    "blanketmaking",
    "blimbing",
    "blindling",
    "blockmaking",
    "bloodcurdling",
    "bloodletting",
    "bloodshedding",
    "bloodspilling",
    "bloodsucking",
    "bloodthirsting",
    "blooping",
    "blousing",
    "blowzing",
    "bluestocking",
    "bluewing",
    "boatbuilding",
    "boatloading",
    "bocking",
    "bodicemaking",
    "bodybending",
    "bodymaking",
    "bogtrotting",
    "boilermaking",
    "bolling",
    "boltheading",
    "boltmaking",
    "bondholding",
    "bonesetting",
    "bookbinding",
    "bookkeeping",
    "bookling",
    "bookmaking",
    "bookselling",
    "bootmaking",
    "borning",
    "boroughmongering",
    "bottlemaking",
    "bouldering",
    "bowmaking",
    "bowstring",
    "boxmaking",
    "brachering",
    "brakemaking",
    "brambling",
    "branchling",
    "brandering",
    "brandling",
    "brangling",
    "bratling",
    "brattishing",
    "breadearning",
    "breadmaking",
    "breadwinning",
    "breeching",
    "bribegiving",
    "bribetaking",
    "bricking",
    "bricklaying",
    "bricklining",
    "brickmaking",
    "bridesmaiding",
    "bridgebuilding",
    "bridgemaking",
    "brisling",
    "brittling",
    "broking",
    "bronzewing",
    "broodling",
    "broommaking",
    "brushmaking",
    "bruting",
    "bucketmaking",
    "buckwashing",
    "bullbaiting",
    "bulletmaking",
    "bullfighting",
    "bushfighting",
    "bushmaking",
    "bushranging",
    "buttermaking",
    "byganging",
    "bygoing",
    "caaming",
    "cabdriving",
    "cabinetmaking",
    "cabinetworking",
    "cageling",
    "cakemaking",
    "calfling",
    "campshedding",
    "campsheeting",
    "camuning",
    "candlelighting",
    "candlemaking",
    "candlewasting",
    "candymaking",
    "canmaking",
    "cannoneering",
    "capmaking",
    "cardmaking",
    "cardsharping",
    "caretaking",
    "carioling",
    "carling",
    "carloading",
    "carpetmaking",
    "cartmaking",
    "cartwrighting",
    "casemaking",
    "casking",
    "catamiting",
    "catfacing",
    "catharping",
    "catling",
    "ceiling",
    "cellaring",
    "cementmaking",
    "chainmaking",
    "chairmaking",
    "chairmending",
    "chandlering",
    "changeling",
    "chapelgoing",
    "chargeling",
    "chattermagging",
    "cheaping",
    "checkstring",
    "cheddaring",
    "cheesemongering",
    "cheeseparing",
    "chemicoengineering",
    "chickling",
    "chicquing",
    "chiefling",
    "childbearing",
    "childcrowing",
    "childing",
    "chinching",
    "ching",
    "chipling",
    "chirpling",
    "chitterling",
    "chrisomloosing",
    "christmasing",
    "churchgoing",
    "cissing",
    "cladding",
    "clanning",
    "cleading",
    "clearwing",
    "clinting",
    "cloakmaking",
    "clockmaking",
    "clodhopping",
    "clogmaking",
    "closewing",
    "clothmaking",
    "cloudling",
    "clowring",
    "clyfaking",
    "coachbuilding",
    "coachmaking",
    "coachsmithing",
    "coaming",
    "cobbing",
    "cobwebbing",
    "cockcrowing",
    "cockfighting",
    "cockshying",
    "cockthrowing",
    "codling",
    "coffeegrowing",
    "coffering",
    "coffinmaking",
    "coindwelling",
    "coinmaking",
    "cointersecting",
    "coling",
    "colling",
    "colormaking",
    "columning",
    "combmaking",
    "comeling",
    "coneighboring",
    "conemaking",
    "conveyancing",
    "copending",
    "coploughing",
    "coplowing",
    "coppersmithing",
    "copperwing",
    "coppicing",
    "copsing",
    "copyholding",
    "coremaking",
    "corkmaking",
    "corkwing",
    "cornhusking",
    "corticating",
    "coshering",
    "cosounding",
    "costeaning",
    "couchmaking",
    "counterbeating",
    "counterbuilding",
    "counterflashing",
    "counterhammering",
    "counterjudging",
    "counterlathing",
    "counterlocking",
    "counteropening",
    "counterpleading",
    "counterposting",
    "counterraising",
    "counterreckoning",
    "countershafting",
    "counterspying",
    "counterswing",
    "counterthwarting",
    "countertripping",
    "counterwilling",
    "courtling",
    "coving",
    "cowleeching",
    "coyoting",
    "cradlemaking",
    "cratemaking",
    "creammaking",
    "creatureling",
    "cringeling",
    "critling",
    "crofting",
    "crosshauling",
    "crownling",
    "crutching",
    "cunning",
    "cupmaking",
    "curmurring",
    "cutling",
    "cymbling",
    "cymling",
    "daffing",
    "dairying",
    "dampproofing",
    "dandyling",
    "dapperling",
    "darjeeling",
    "darkling",
    "darling",
    "daughterling",
    "daygoing",
    "dayspring",
    "deading",
    "deappetizing",
    "deathling",
    "decurring",
    "deeping",
    "deerstalking",
    "dehydrofreezing",
    "demifarthing",
    "demiflouncing",
    "demiking",
    "demurring",
    "depolishing",
    "depthing",
    "derricking",
    "diapering",
    "diemaking",
    "diesinking",
    "dilling",
    "discomforting",
    "dishling",
    "dishmaking",
    "dishwashing",
    "dishwiping",
    "disinteresting",
    "disring",
    "doating",
    "dobbing",
    "dodding",
    "doegling",
    "dogtoothing",
    "dollmaking",
    "doormaking",
    "dorking",
    "doublehatching",
    "doughmaking",
    "douping",
    "doveling",
    "downcoming",
    "downfalling",
    "downhanging",
    "downligging",
    "downlying",
    "downpouring",
    "downrushing",
    "downsinking",
    "downsitting",
    "downsliding",
    "downswing",
    "downtrampling",
    "downtreading",
    "dragsawing",
    "dramming",
    "drapping",
    "dratting",
    "drawfiling",
    "drawspring",
    "drawstring",
    "dreiling",
    "dressmaking",
    "dropling",
    "druggeting",
    "duckhunting",
    "duckling",
    "duckwing",
    "duffing",
    "dukeling",
    "dumpling",
    "during",
    "dwarfling",
    "dyemaking",
    "earing",
    "earring",
    "earsplitting",
    "earthling",
    "earthmaking",
    "earthquaking",
    "easterling",
    "easting",
    "easygoing",
    "eavesdropping",
    "eccentring",
    "ecuelling",
    "edgemaking",
    "eightling",
    "eking",
    "elding",
    "electroblasting",
    "electrocoating",
    "electroengraving",
    "electroetching",
    "electroforming",
    "electrogilding",
    "electropuncturing",
    "electrosherardizing",
    "electrotyping",
    "enring",
    "enterprising",
    "equiproducing",
    "erlking",
    "erthling",
    "essling",
    "esterling",
    "everbearing",
    "everblooming",
    "everduring",
    "everlasting",
    "everliving",
    "eversporting",
    "everything",
    "evilspeaking",
    "evilwishing",
    "executioneering",
    "extraregarding",
    "eyestring",
    "fablemongering",
    "fabling",
    "facemaking",
    "factabling",
    "fadmongering",
    "fairgoing",
    "fairling",
    "fanfaronading",
    "fanmaking",
    "fanning",
    "fargoing",
    "farmsteading",
    "farseeing",
    "farthing",
    "fashionmonging",
    "fastgoing",
    "fatherling",
    "fatling",
    "faultfinding",
    "featherstitching",
    "featherwing",
    "feebling",
    "feering",
    "fellmongering",
    "felonsetting",
    "feltmaking",
    "fendering",
    "ferling",
    "fiddlestring",
    "fierding",
    "figging",
    "filemaking",
    "filmgoing",
    "fingerling",
    "finicking",
    "finiking",
    "fireling",
    "firestopping",
    "firring",
    "firstling",
    "fishling",
    "fisting",
    "fitting",
    "fiveling",
    "fjarding",
    "fjerding",
    "flagmaking",
    "flatling",
    "flatting",
    "fledgling",
    "fleetwing",
    "fleming",
    "flipperling",
    "flirtling",
    "flopwing",
    "fluking",
    "foining",
    "footlining",
    "fopling",
    "foreaccounting",
    "forecatching",
    "forecatharping",
    "forefeeling",
    "forehinting",
    "foreigneering",
    "foreking",
    "foremisgiving",
    "foreplanting",
    "forereaching",
    "forereading",
    "forerigging",
    "foreschooling",
    "foresing",
    "forestarling",
    "foretalking",
    "forewing",
    "forewinning",
    "forthbring",
    "forthcoming",
    "forthgoing",
    "forthputting",
    "fortunetelling",
    "fosterling",
    "foundling",
    "fourling",
    "fractabling",
    "freebooting",
    "freeholding",
    "freeloving",
    "freestanding",
    "freethinking",
    "friarling",
    "fribbling",
    "frilling",
    "frogging",
    "frogling",
    "frostproofing",
    "fruitgrowing",
    "fruitling",
    "fulgurating",
    "fullering",
    "fundmongering",
    "funmaking",
    "furring",
    "furzeling",
    "gadling",
    "gainspeaking",
    "gaisling",
    "gaiting",
    "galvayning",
    "gamekeeping",
    "gammoning",
    "gangling",
    "gardenmaking",
    "gasfiring",
    "gasking",
    "gaslighting",
    "gassing",
    "gaulding",
    "gauzewing",
    "germing",
    "germling",
    "gesning",
    "gestening",
    "gestning",
    "getling",
    "giftling",
    "gilling",
    "ging",
    "girling",
    "glaceing",
    "glassmaking",
    "glassworking",
    "gliffing",
    "gloaming",
    "glooming",
    "glovemaking",
    "gloving",
    "glozing",
    "gluemaking",
    "gnatling",
    "goalkeeping",
    "goatling",
    "gobbing",
    "godling",
    "godmaking",
    "goldbeating",
    "goldenwing",
    "goldsmithing",
    "gooding",
    "goosewing",
    "gosling",
    "grabbling",
    "grailing",
    "grainering",
    "graping",
    "gravemaking",
    "grayling",
    "greekling",
    "greenkeeping",
    "greenling",
    "greenwing",
    "gristmilling",
    "groomling",
    "groundling",
    "grueling",
    "guesting",
    "guestling",
    "guestling",
    "guising",
    "gulleting",
    "gumdigging",
    "gummaking",
    "gunmaking",
    "gunrunning",
    "gunsmithing",
    "gunstocking",
    "gutling",
    "gutterling",
    "gytling",
    "hading",
    "haircutting",
    "hairdressing",
    "hairsplitting",
    "hairspring",
    "halfling",
    "halling",
    "handfasting",
    "handgriping",
    "handhaving",
    "handrailing",
    "handreading",
    "handshaking",
    "handspring",
    "happing",
    "hardstanding",
    "harling",
    "harpwaytuning",
    "hatchling",
    "hatmaking",
    "haunching",
    "haymaking",
    "headlighting",
    "headring",
    "headspring",
    "headworking",
    "heartaching",
    "heartbreaking",
    "heartburning",
    "hearthwarming",
    "hearting",
    "heartling",
    "heartsickening",
    "heartstring",
    "heatmaking",
    "hedgemaking",
    "heelmaking",
    "heling",
    "helioengraving",
    "helmetmaking",
    "hempstring",
    "hereniging",
    "herling",
    "herring",
    "hething",
    "hideling",
    "hidling",
    "highfaluting",
    "highflying",
    "highliving",
    "hilding",
    "hing",
    "hipping",
    "hireling",
    "hodening",
    "hogling",
    "holidaymaking",
    "homecrofting",
    "homekeeping",
    "homeling",
    "homemaking",
    "hookmaking",
    "horrormongering",
    "houseboating",
    "housebuilding",
    "householding",
    "houseling",
    "housemaiding",
    "housemating",
    "housewarming",
    "hubmaking",
    "husting",
    "huttoning",
    "hydroforming",
    "hying",
    "hyperfunctioning",
    "hyperspiritualizing",
    "impling",
    "inbeaming",
    "inbearing",
    "inbeing",
    "inbending",
    "inblowing",
    "inbreaking",
    "inbring",
    "inburning",
    "incalving",
    "incohering",
    "incoming",
    "incomplying",
    "incomprehending",
    "inconcluding",
    "inconcurring",
    "incorresponding",
    "incrossing",
    "incutting",
    "indiscriminating",
    "indrawing",
    "inerring",
    "inexacting",
    "infalling",
    "infighting",
    "infilling",
    "inflowering",
    "infolding",
    "ing",
    "ingathering",
    "ingiving",
    "ingoing",
    "inkling",
    "inkmaking",
    "inkslinging",
    "inlying",
    "inning",
    "inoffending",
    "inring",
    "inrunning",
    "inshining",
    "insinking",
    "instanding",
    "instealing",
    "instreaming",
    "inswarming",
    "insweeping",
    "inswing",
    "interbonding",
    "interbring",
    "intercooling",
    "interflashing",
    "intergenerating",
    "interlining",
    "interlying",
    "intermeddling",
    "interpilastering",
    "interplanting",
    "intershifting",
    "interthing",
    "interthronging",
    "intertrading",
    "intolerating",
    "inturning",
    "inwandering",
    "ironmaking",
    "ironmongering",
    "ironworking",
    "irving",
    "iteming",
    "jackpudding",
    "jailering",
    "japing",
    "jawbreaking",
    "jedding",
    "jenneting",
    "jewling",
    "jing",
    "joisting",
    "juring",
    "karling",
    "keckling",
    "keepering",
    "kenning",
    "ketting",
    "kettlemaking",
    "kidling",
    "kilting",
    "kindergartening",
    "king",
    "king",
    "kingling",
    "kingmaking",
    "kirking",
    "kiteflying",
    "kitling",
    "kling",
    "knapsacking",
    "knightling",
    "knowledging",
    "knurling",
    "laborsaving",
    "lacemaking",
    "lacewing",
    "ladyling",
    "lagthing",
    "lagting",
    "laking",
    "lalling",
    "lambling",
    "lamping",
    "lampmaking",
    "landholding",
    "landlouping",
    "landlubbing",
    "landowning",
    "landsting",
    "lapwing",
    "larkling",
    "laryngeating",
    "laspring",
    "lastspring",
    "latchstring",
    "latecoming",
    "lathing",
    "latticing",
    "lawbreaking",
    "lawgiving",
    "lawing",
    "lawmaking",
    "lawsuiting",
    "lawyerling",
    "leapfrogging",
    "leaseholding",
    "leathermaking",
    "leatherstocking",
    "leatherwing",
    "leatherworking",
    "ledging",
    "legging",
    "legpulling",
    "lemming",
    "levining",
    "leysing",
    "lickspittling",
    "lifesaving",
    "lifespring",
    "lightning",
    "ling",
    "linteling",
    "lipping",
    "littling",
    "loaming",
    "lobstering",
    "lockmaking",
    "locksmithing",
    "locusting",
    "lordling",
    "lostling",
    "loudering",
    "louvering",
    "loveling",
    "lovering",
    "lustring",
    "lutemaking",
    "lutestring",
    "luting",
    "mackereling",
    "madding",
    "madling",
    "magicking",
    "maidling",
    "mainspring",
    "mallemaroking",
    "malling",
    "malreasoning",
    "manling",
    "mannering",
    "manslaughtering",
    "manslaying",
    "manstealing",
    "manstopping",
    "mantuamaking",
    "margining",
    "masterling",
    "masting",
    "matchboarding",
    "matchmaking",
    "matmaking",
    "maying",
    "maypoling",
    "meaching",
    "meadowing",
    "mealywing",
    "meekling",
    "meninting",
    "meritmongering",
    "merrymaking",
    "merrymeeting",
    "merrywing",
    "metalworking",
    "miching",
    "microdrawing",
    "midevening",
    "midlenting",
    "midmorning",
    "milksopping",
    "millering",
    "millinering",
    "millwrighting",
    "mimmocking",
    "ming",
    "ming",
    "minning",
    "mintmaking",
    "miraclemongering",
    "misbecoming",
    "misbefitting",
    "misclaiming",
    "miskenning",
    "mispleading",
    "misproceeding",
    "modelmaking",
    "moneygrubbing",
    "moneylending",
    "moneymongering",
    "moneysaving",
    "moonraking",
    "moonwalking",
    "moorburning",
    "morning",
    "morrowing",
    "morsing",
    "mortling",
    "mosstrooping",
    "mosting",
    "motherling",
    "mozing",
    "mudslinging",
    "multiplepoinding",
    "mumming",
    "mythmaking",
    "naething",
    "nameling",
    "nanking",
    "napkining",
    "naturing",
    "necromancing",
    "needlemaking",
    "netmaking",
    "newing",
    "newscasting",
    "newsmongering",
    "niceling",
    "niddering",
    "niding",
    "nievling",
    "nifling",
    "niggardling",
    "niggerling",
    "nightwalking",
    "ning",
    "nipissing",
    "nithing",
    "nitriding",
    "nogging",
    "noisemaking",
    "nonabiding",
    "nonabstaining",
    "nonacceding",
    "nonaccompanying",
    "nonadmiring",
    "nonaerating",
    "nonalienating",
    "nonangling",
    "nonapostatizing",
    "nonappearing",
    "nonarcing",
    "nonascertaining",
    "nonaspiring",
    "nonassenting",
    "nonassimilating",
    "nonballoting",
    "nonbasing",
    "nonbathing",
    "nonbearing",
    "nonbeing",
    "nonbelieving",
    "nonbending",
    "nonbleeding",
    "nonblocking",
    "nonblooming",
    "nonbreeding",
    "nonbrowsing",
    "nonbudding",
    "nonburning",
    "nonbursting",
    "nonbuying",
    "noncaking",
    "noncanvassing",
    "nonchafing",
    "nonchanging",
    "nonclotting",
    "noncoalescing",
    "noncoking",
    "noncoloring",
    "noncombining",
    "noncoming",
    "noncommunicating",
    "noncompensating",
    "noncompeting",
    "noncomplying",
    "nonconceiving",
    "nonconciliating",
    "nonconcluding",
    "noncondensing",
    "nonconducting",
    "nonconflicting",
    "nonconforming",
    "noncongealing",
    "nonconsenting",
    "nonconserving",
    "nonconsoling",
    "nonconsorting",
    "nonconspiring",
    "noncontending",
    "noncontributing",
    "noncontrolling",
    "noncopying",
    "noncoring",
    "noncorresponding",
    "noncorroding",
    "noncranking",
    "noncreeping",
    "noncrusading",
    "noncrystallizing",
    "noncurling",
    "noncutting",
    "nondecaying",
    "nondefaulting",
    "nondefining",
    "nondegerming",
    "nondepreciating",
    "nondesisting",
    "nondetonating",
    "nondialyzing",
    "nondieting",
    "nondiffusing",
    "nondisappearing",
    "nondischarging",
    "nondisparaging",
    "nondisqualifying",
    "nondissenting",
    "nondoing",
    "nondrinking",
    "nondrying",
    "nondumping",
    "nonearning",
    "noneclipsing",
    "nonemanating",
    "nonemploying",
    "nonenduring",
    "nonengineering",
    "nonequivocating",
    "nonerecting",
    "nonevolving",
    "nonexciting",
    "nonexisting",
    "nonexuding",
    "nonfacing",
    "nonfading",
    "nonfinding",
    "nonfinishing",
    "nonfloating",
    "nonflowering",
    "nonflowing",
    "nonfluctuating",
    "nonflying",
    "nonforfeiting",
    "nonfouling",
    "nonfreezing",
    "nongelatinizing",
    "nongrooming",
    "nonheading",
    "nonhousekeeping",
    "nonhunting",
    "nonimbricating",
    "nonimporting",
    "nonincreasing",
    "nonincrusting",
    "noninquiring",
    "noninterfering",
    "nonintersecting",
    "nonintoxicating",
    "nonionizing",
    "nonirrigating",
    "nonirritating",
    "nonjuring",
    "nonjurying",
    "nonlabeling",
    "nonlaying",
    "nonleaking",
    "nonlicking",
    "nonlimiting",
    "nonliquefying",
    "nonliquidating",
    "nonlisting",
    "nonliving",
    "nonloving",
    "nonmanufacturing",
    "nonmarrying",
    "nonmotoring",
    "nonocculting",
    "nonofficeholding",
    "nonopening",
    "nonoperating",
    "nonoverlapping",
    "nonoxidating",
    "nonoxidizing",
    "nonparticipating",
    "nonpaying",
    "nonpending",
    "nonperforating",
    "nonperforming",
    "nonperishing",
    "nonplantowning",
    "nonpleading",
    "nonpolarizing",
    "nonpreaching",
    "nonproducing",
    "nonprofiteering",
    "nonpulsating",
    "nonpunishing",
    "nonputting",
    "nonradiating",
    "nonranging",
    "nonratifying",
    "nonreading",
    "nonreceiving",
    "nonreciprocating",
    "nonrecurring",
    "nonredressing",
    "nonreducing",
    "nonrefueling",
    "nonregarding",
    "nonregenerating",
    "nonreigning",
    "nonrenouncing",
    "nonrepealing",
    "nonresisting",
    "nonretiring",
    "nonrevealing",
    "nonreversing",
    "nonrevolting",
    "nonrevolving",
    "nonrhyming",
    "nonriding",
    "nonrotating",
    "nonsaving",
    "nonsawing",
    "nonscalding",
    "nonscaling",
    "nonscoring",
    "nonscraping",
    "nonselfregarding",
    "nonselling",
    "nonsetting",
    "nonsharing",
    "nonshipping",
    "nonshredding",
    "nonshrinking",
    "nonsinging",
    "nonsitting",
    "nonskidding",
    "nonskipping",
    "nonslaveholding",
    "nonslipping",
    "nonsludging",
    "nonsmoking",
    "nonsmutting",
    "nonspalling",
    "nonsparing",
    "nonsparking",
    "nonspeaking",
    "nonspinning",
    "nonsporeforming",
    "nonsporting",
    "nonsprouting",
    "nonstaining",
    "nonstarting",
    "nonstooping",
    "nonstriking",
    "nonsubscribing",
    "nonsubsiding",
    "nonsupporting",
    "nonsustaining",
    "nonswearing",
    "nonsweating",
    "nonswimming",
    "nonsyllogizing",
    "nontarnishing",
    "nonteaching",
    "nontemporizing",
    "nonterminating",
    "nonthinking",
    "nontrading",
    "nontrailing",
    "nontransposing",
    "nontraveling",
    "nonunderstanding",
    "nonusing",
    "nonusurping",
    "nonvanishing",
    "nonvesting",
    "nonvisiting",
    "nonvoting",
    "nonwalking",
    "nonwasting",
    "nonworking",
    "nonyielding",
    "nooking",
    "nooning",
    "northing",
    "notchwing",
    "nothing",
    "notwithstanding",
    "novelmongering",
    "nubbling",
    "nursling",
    "oakling",
    "odelsthing",
    "odelsting",
    "offaling",
    "offgoing",
    "offscouring",
    "offspring",
    "oilproofing",
    "omnirevealing",
    "oncoming",
    "onflowing",
    "ongoing",
    "onlooking",
    "onrushing",
    "onstanding",
    "onsweeping",
    "onwaiting",
    "orcharding",
    "organing",
    "outbearing",
    "outblowing",
    "outbolting",
    "outbranching",
    "outbreaking",
    "outbreeding",
    "outbring",
    "outbuilding",
    "outcasting",
    "outcoming",
    "outcrossing",
    "outdwelling",
    "outfeeding",
    "outfling",
    "outgiving",
    "outhousing",
    "outjetting",
    "outking",
    "outlodging",
    "outlying",
    "outpocketing",
    "outpouching",
    "outpouring",
    "outrigging",
    "outring",
    "outscouring",
    "outsetting",
    "outsing",
    "outspring",
    "outstanding",
    "outsting",
    "outsweeping",
    "outswing",
    "outwing",
    "outwring",
    "overambling",
    "overawning",
    "overbeating",
    "overbeetling",
    "overblowing",
    "overboding",
    "overbooming",
    "overbragging",
    "overbubbling",
    "overcaring",
    "overcarking",
    "overcoating",
    "overcunning",
    "overcutting",
    "overdeeming",
    "overexcelling",
    "overfasting",
    "overfling",
    "overfunctioning",
    "overgrasping",
    "overitching",
    "overjudging",
    "overjutting",
    "overking",
    "overknowing",
    "overliking",
    "overling",
    "overlipping",
    "overmarking",
    "overnipping",
    "overpending",
    "overpinching",
    "overshelving",
    "oversoothing",
    "oversparing",
    "overspring",
    "overstaring",
    "overstoping",
    "overstring",
    "overstriving",
    "oversurviving",
    "overswing",
    "overswinging",
    "overswirling",
    "overweening",
    "overwilling",
    "overwing",
    "owling",
    "oxywelding",
    "oysterling",
    "pacemaking",
    "packmaking",
    "painstaking",
    "palleting",
    "panicmongering",
    "pantiling",
    "papermaking",
    "parliamenteering",
    "parling",
    "parsoning",
    "partridging",
    "pastorling",
    "pathfinding",
    "patternmaking",
    "pawnbrokering",
    "pawnbroking",
    "peacebreaking",
    "peacemaking",
    "peacemongering",
    "peastaking",
    "peasticking",
    "peerling",
    "peking",
    "pendanting",
    "pending",
    "penmaking",
    "perduring",
    "perjurymongering",
    "petling",
    "pewing",
    "philosophastering",
    "philosophling",
    "photoengraving",
    "photoetching",
    "photofinishing",
    "photoprinting",
    "photosurveying",
    "phrasemaking",
    "phrasemongering",
    "physicking",
    "pickering",
    "picturemaking",
    "pigeonwing",
    "pigling",
    "pigmaking",
    "piking",
    "pilastering",
    "pillaring",
    "pillmaking",
    "pindling",
    "pinwing",
    "pitmaking",
    "placemaking",
    "placemongering",
    "plaiding",
    "planching",
    "planeting",
    "plantling",
    "platemaking",
    "playgoing",
    "playmaking",
    "playmongering",
    "plaything",
    "playwrighting",
    "playwriting",
    "pleasuring",
    "plenishing",
    "plenshing",
    "plumemaking",
    "poetastering",
    "poetling",
    "poinding",
    "ponderling",
    "pontooning",
    "poorling",
    "porching",
    "porkling",
    "pothunting",
    "potmaking",
    "potwalling",
    "prayermaking",
    "preaccommodating",
    "preaccounting",
    "preacherling",
    "preballoting",
    "prebelieving",
    "prebidding",
    "preblessing",
    "preblooming",
    "preboding",
    "preborrowing",
    "prebroadcasting",
    "prebullying",
    "precanning",
    "precleaning",
    "precoloring",
    "precompounding",
    "precooling",
    "precovering",
    "predealing",
    "predeserving",
    "preflavoring",
    "preflowering",
    "pregathering",
    "pregolfing",
    "pregreeting",
    "prehearing",
    "preholding",
    "preinsinuating",
    "prelaunching",
    "premaking",
    "premanufacturing",
    "premolding",
    "premorning",
    "prenumbering",
    "preoffering",
    "preopening",
    "preracing",
    "prereckoning",
    "presuffering",
    "pretraining",
    "prewilling",
    "prideling",
    "priestling",
    "princeling",
    "proadvertising",
    "probargaining",
    "probathing",
    "probetting",
    "probonding",
    "proborrowing",
    "probowling",
    "proboxing",
    "probroadcasting",
    "probudgeting",
    "probuilding",
    "probuying",
    "proctorling",
    "proexporting",
    "professorling",
    "profitmongering",
    "progambling",
    "propooling",
    "proracing",
    "prosing",
    "proudling",
    "providoring",
    "provolunteering",
    "prozoning",
    "pseudosweating",
    "puckling",
    "puddening",
    "pudding",
    "pugging",
    "purfling",
    "pushwainling",
    "queesting",
    "quicksilvering",
    "quiffing",
    "quilling",
    "quisling",
    "quoining",
    "racegoing",
    "radicating",
    "radiobroadcasting",
    "raffing",
    "randing",
    "rashing",
    "ratcatching",
    "ratching",
    "ratepaying",
    "razormaking",
    "rearling",
    "rebeginning",
    "rebilling",
    "rebring",
    "reckling",
    "reclothing",
    "redding",
    "redwing",
    "reeding",
    "reedling",
    "reedmaking",
    "reeming",
    "refling",
    "regrating",
    "rehandling",
    "reking",
    "renneting",
    "rering",
    "resing",
    "resitting",
    "respring",
    "restring",
    "resuing",
    "resurrectioning",
    "retying",
    "revolutioneering",
    "rhoding",
    "rhymemaking",
    "ribroasting",
    "richling",
    "ridgeling",
    "ridgling",
    "riesling",
    "rigging",
    "rigling",
    "rimmaking",
    "ringgiving",
    "ringmaking",
    "ripping",
    "riprapping",
    "ripsnorting",
    "ritling",
    "riverling",
    "roading",
    "rockling",
    "rodding",
    "roding",
    "rogueling",
    "roguing",
    "rollermaking",
    "rollerskating",
    "ropedancing",
    "ropelaying",
    "ropemaking",
    "roughstring",
    "rousting",
    "rubbing",
    "ruching",
    "rugging",
    "rugmaking",
    "rumbowling",
    "rumrunning",
    "russeting",
    "sabbathbreaking",
    "sabbathkeeping",
    "saberwing",
    "sackmaking",
    "sacring",
    "safeblowing",
    "safebreaking",
    "safecracking",
    "safekeeping",
    "safemaking",
    "sailflying",
    "sailmaking",
    "sailoring",
    "sailorizing",
    "saintling",
    "salading",
    "saltmaking",
    "sandaling",
    "sanderling",
    "sandling",
    "sapling",
    "sapphirewing",
    "sarking",
    "sashing",
    "saucemaking",
    "savoying",
    "sawmaking",
    "sawmilling",
    "scabbling",
    "scalewing",
    "scambling",
    "scandalmongering",
    "scandalmonging",
    "scantling",
    "scaremongering",
    "scarping",
    "scathing",
    "scatterling",
    "schapping",
    "schelling",
    "schilling",
    "schoolgoing",
    "schoolkeeping",
    "schoolmastering",
    "schoolteaching",
    "scintling",
    "scorekeeping",
    "scraggling",
    "scranning",
    "scrapling",
    "scratchcarding",
    "scrattling",
    "scrivening",
    "scumbling",
    "scutching",
    "seafaring",
    "seagoing",
    "seascouting",
    "sedging",
    "seedling",
    "semiburrowing",
    "semiclimbing",
    "semiconducting",
    "semidrying",
    "semifitting",
    "semifloating",
    "semifluctuating",
    "semifoaming",
    "semiforbidding",
    "semimarking",
    "semiring",
    "semirotating",
    "semiseafaring",
    "semisightseeing",
    "semismelting",
    "semisporting",
    "semiwaking",
    "serging",
    "shammocking",
    "shaveling",
    "shawling",
    "sheading",
    "shealing",
    "shearling",
    "sheepbiting",
    "sheepherding",
    "sheepkeeping",
    "sheepling",
    "sheepshearing",
    "sheepstealing",
    "sheetling",
    "sheetwriting",
    "shellblowing",
    "shepherdling",
    "shieldling",
    "shieling",
    "shinaniging",
    "shipbreaking",
    "shipbuilding",
    "shipowning",
    "shirtmaking",
    "shoebinding",
    "shoemaking",
    "shoestring",
    "shopbreaking",
    "shopkeeping",
    "shoregoing",
    "shorling",
    "shortcoming",
    "showboating",
    "shufflewing",
    "sibling",
    "sickling",
    "sideling",
    "sidesplitting",
    "siering",
    "sightening",
    "silverling",
    "silversmithing",
    "silverwing",
    "simling",
    "singsing",
    "sinsring",
    "sipling",
    "sirening",
    "sistering",
    "skeeling",
    "skelping",
    "skeyting",
    "skiffling",
    "skijoring",
    "skilling",
    "skinking",
    "skraeling",
    "skyscraping",
    "skywriting",
    "slabbing",
    "slammocking",
    "slatemaking",
    "slaveholding",
    "slaveling",
    "sleepwaking",
    "slipstring",
    "sliving",
    "slopmaking",
    "slopselling",
    "slowgoing",
    "slubbering",
    "slubbing",
    "sluggarding",
    "smalling",
    "smilemaking",
    "smithing",
    "smitting",
    "smokyseeming",
    "snakeholing",
    "snakeling",
    "sneckdrawing",
    "sneeshing",
    "snickdrawing",
    "snobbing",
    "snobling",
    "snoeking",
    "snooding",
    "snying",
    "soapmaking",
    "sociologizing",
    "sockmaking",
    "softling",
    "sogging",
    "something",
    "soothsaying",
    "sorcering",
    "sorning",
    "soulsaving",
    "sourling",
    "southing",
    "spacesaving",
    "spalding",
    "spalling",
    "sparling",
    "spatling",
    "spectaclemaking",
    "speeching",
    "speechmaking",
    "speedboating",
    "speering",
    "spelding",
    "speldring",
    "sperling",
    "spiderling",
    "spiffing",
    "spiling",
    "spindling",
    "spiring",
    "spirketing",
    "spirling",
    "splathering",
    "splitting",
    "sponsing",
    "spoonmaking",
    "sporeforming",
    "sporeling",
    "sportling",
    "springmaking",
    "sproutling",
    "spurling",
    "spurwing",
    "squibling",
    "squireling",
    "staddling",
    "stagecoaching",
    "staghunting",
    "stairbuilding",
    "starchmaking",
    "starling",
    "starveling",
    "staymaking",
    "steading",
    "steamboating",
    "steaning",
    "steckling",
    "steelmaking",
    "steeplechasing",
    "steerling",
    "steeving",
    "stelling",
    "stenching",
    "stencilmaking",
    "sterling",
    "sterling",
    "stevedoring",
    "stingareeing",
    "stockbreeding",
    "stockbroking",
    "stockholding",
    "stockjobbing",
    "stockjudging",
    "stockkeeping",
    "stockmaking",
    "stockriding",
    "stocktaking",
    "stonelaying",
    "stoothing",
    "storekeeping",
    "storkling",
    "storting",
    "storytelling",
    "stouring",
    "stovemaking",
    "strackling",
    "straitlacing",
    "strangeling",
    "strayling",
    "streamling",
    "stridling",
    "strifemaking",
    "strikebreaking",
    "stringmaking",
    "stripling",
    "stromming",
    "strouding",
    "stuckling",
    "stumpling",
    "subalternating",
    "subascending",
    "subcrossing",
    "subflooring",
    "subheading",
    "subking",
    "submeaning",
    "submeeting",
    "submetering",
    "summerling",
    "sundowning",
    "sunrising",
    "sunsetting",
    "sunshining",
    "superaccommodating",
    "supercombing",
    "superdomineering",
    "superdying",
    "superexacting",
    "superexceeding",
    "superimpending",
    "superprinting",
    "superweening",
    "suppering",
    "swacking",
    "swaling",
    "swallowling",
    "swanmarking",
    "swartrutting",
    "swashbucklering",
    "swashbuckling",
    "sweethearting",
    "sweeting",
    "sweetling",
    "swirring",
    "swissing",
    "swordfishing",
    "swording",
    "swordmaking",
    "tablemaking",
    "taffymaking",
    "taiping",
    "talaing",
    "talebearing",
    "talecarrying",
    "talemongering",
    "taletelling",
    "tallowing",
    "tallowmaking",
    "tankmaking",
    "tanling",
    "tapamaking",
    "tapemaking",
    "tapermaking",
    "tapestring",
    "tasksetting",
    "tasselmaking",
    "taxeating",
    "taxgathering",
    "taxpaying",
    "teamaking",
    "teatling",
    "teeting",
    "teletyping",
    "temiskaming",
    "tenderling",
    "tentmaking",
    "thanksgiving",
    "theatergoing",
    "thermosetting",
    "thicknessing",
    "thiefmaking",
    "thigging",
    "thimblemaking",
    "thimblerigging",
    "thing",
    "thinkling",
    "thirdling",
    "thirling",
    "thomasing",
    "thoroughgoing",
    "threadmaking",
    "threeling",
    "thring",
    "throating",
    "throughganging",
    "throughgoing",
    "thudding",
    "thumbstring",
    "thunderbearing",
    "tiddling",
    "tiddlywinking",
    "tidemaking",
    "tiemaking",
    "tigerling",
    "tilemaking",
    "tiltmaking",
    "timbering",
    "timberling",
    "timeling",
    "timesaving",
    "timeserving",
    "timetaking",
    "tinselmaking",
    "tinsmithing",
    "tinworking",
    "tiremaking",
    "tjanting",
    "toadling",
    "toffing",
    "tomming",
    "tomorrowing",
    "toolbuilding",
    "toolholding",
    "toolmaking",
    "toolmarking",
    "toothaching",
    "toothdrawing",
    "toothing",
    "topcoating",
    "topmaking",
    "torchbearing",
    "torsioning",
    "townfaring",
    "townling",
    "toymaking",
    "tracklaying",
    "tractioneering",
    "trailmaking",
    "traitorling",
    "tramming",
    "trapezing",
    "trapmaking",
    "trapshooting",
    "treeling",
    "treemaking",
    "trenchermaking",
    "trestling",
    "trickstering",
    "tripping",
    "trithing",
    "troching",
    "troublemaking",
    "troughing",
    "trousering",
    "trowing",
    "trucebreaking",
    "trucemaking",
    "trunking",
    "trussmaking",
    "truthtelling",
    "trysting",
    "tubbing",
    "tubemaking",
    "tubmaking",
    "tuffing",
    "tufthunting",
    "tufting",
    "tunemaking",
    "tunnelmaking",
    "twanking",
    "twattling",
    "twinemaking",
    "twinling",
    "twitcheling",
    "twoling",
    "tyking",
    "tympaning",
    "ulling",
    "ulstering",
    "ultrabelieving",
    "unabating",
    "unabiding",
    "unaccommodating",
    "unaccompanying",
    "unaccording",
    "unaccusing",
    "unaching",
    "unacknowledging",
    "unacting",
    "unadmiring",
    "unadmitting",
    "unadoring",
    "unadvancing",
    "unadventuring",
    "unadvertising",
    "unaffecting",
    "unafflicting",
    "unaggravating",
    "unaging",
    "unagreeing",
    "unaiding",
    "unailing",
    "unaiming",
    "unalarming",
    "unallowing",
    "unalluring",
    "unaltering",
    "unamalgamating",
    "unamending",
    "unamusing",
    "unanalyzing",
    "unannoying",
    "unanswering",
    "unantagonizing",
    "unanticipating",
    "unapologizing",
    "unappealing",
    "unappertaining",
    "unappetizing",
    "unapplauding",
    "unapplying",
    "unappreciating",
    "unapprehending",
    "unapproaching",
    "unapproving",
    "unarguing",
    "unarising",
    "unarousing",
    "unarresting",
    "unarriving",
    "unarrogating",
    "unasking",
    "unaspiring",
    "unassailing",
    "unassaying",
    "unassenting",
    "unassimilating",
    "unassisting",
    "unassuaging",
    "unassuming",
    "unassuring",
    "unatoning",
    "unattaining",
    "unattempting",
    "unattracting",
    "unavailing",
    "unavenging",
    "unavoiding",
    "unawakening",
    "unawaking",
    "unbaffling",
    "unbarking",
    "unbating",
    "unbattling",
    "unbearing",
    "unbecoming",
    "unbefitting",
    "unbeginning",
    "unbehaving",
    "unbeholding",
    "unbehoving",
    "unbeing",
    "unbelieving",
    "unbelonging",
    "unbenefiting",
    "unbeseeming",
    "unbetraying",
    "unbewailing",
    "unbewitching",
    "unbickering",
    "unbiting",
    "unblaming",
    "unbleaching",
    "unbleeding",
    "unblemishing",
    "unblenching",
    "unblinking",
    "unblooming",
    "unblossoming",
    "unbluffing",
    "unblundering",
    "unblushing",
    "unboasting",
    "unboding",
    "unboring",
    "unborrowing",
    "unbothering",
    "unbowing",
    "unbragging",
    "unbranching",
    "unbreaking",
    "unbreathing",
    "unbribing",
    "unbrimming",
    "unbudging",
    "unbungling",
    "unburning",
    "unbustling",
    "unbuying",
    "uncalculating",
    "uncaptivating",
    "uncaring",
    "unceasing",
    "uncelebrating",
    "uncementing",
    "uncensuring",
    "uncertifying",
    "unchallenging",
    "unchanging",
    "uncharging",
    "uncharming",
    "unchastising",
    "uncheating",
    "uncheering",
    "uncherishing",
    "unchiding",
    "unchiming",
    "unclaiming",
    "unclarifying",
    "unclashing",
    "unclassifying",
    "unclearing",
    "unclimbing",
    "uncling",
    "uncloying",
    "unclustering",
    "uncoagulating",
    "uncoaxing",
    "uncoking",
    "uncombining",
    "uncomforting",
    "uncommenting",
    "uncommiserating",
    "uncommitting",
    "uncommunicating",
    "uncompassionating",
    "uncompelling",
    "uncomplaining",
    "uncomplimenting",
    "uncomplying",
    "uncompounding",
    "uncomprehending",
    "uncomprising",
    "uncompromising",
    "unconcatenating",
    "unconcealing",
    "unconceiving",
    "unconcerning",
    "unconciliating",
    "unconcluding",
    "unconcurring",
    "uncondensing",
    "uncondescending",
    "uncondoling",
    "unconducing",
    "unconfessing",
    "unconfiding",
    "unconfining",
    "unconfirming",
    "unconflicting",
    "unconforming",
    "unconfuting",
    "uncongratulating",
    "unconniving",
    "unconsenting",
    "unconserving",
    "unconsidering",
    "unconsolidating",
    "unconsoling",
    "unconspiring",
    "unconstraining",
    "unconsulting",
    "unconsuming",
    "uncontending",
    "uncontenting",
    "uncontrasting",
    "uncontributing",
    "uncontriving",
    "uncontrolling",
    "unconvicting",
    "unconvincing",
    "uncooping",
    "uncording",
    "uncorresponding",
    "uncorrupting",
    "uncouching",
    "uncourting",
    "uncoveting",
    "uncraving",
    "uncreating",
    "uncrediting",
    "uncreeping",
    "uncrinkling",
    "uncriticising",
    "uncriticizing",
    "uncrooking",
    "uncrowning",
    "uncrumpling",
    "uncrying",
    "uncunning",
    "uncurbing",
    "uncurdling",
    "uncursing",
    "undallying",
    "undamaging",
    "undamming",
    "undancing",
    "undaring",
    "undaunting",
    "undawning",
    "undazing",
    "undazzling",
    "undebating",
    "undebilitating",
    "undecaying",
    "undeciding",
    "undeclaiming",
    "undeclining",
    "undecreasing",
    "undefaming",
    "undefaulting",
    "undefending",
    "undegenerating",
    "undegrading",
    "undelaying",
    "undeliberating",
    "undelighting",
    "undeluding",
    "undemurring",
    "undeparting",
    "undepending",
    "undepressing",
    "underbarring",
    "underbearing",
    "underbeveling",
    "underbreathing",
    "underbreeding",
    "underbuilding",
    "undercasing",
    "underceiling",
    "underclothing",
    "undercoloring",
    "undercovering",
    "underdoing",
    "underdrumming",
    "underfeathering",
    "underfeeling",
    "underfilling",
    "underfitting",
    "underflooring",
    "underframing",
    "undergraining",
    "undergroundling",
    "underhanging",
    "underjobbing",
    "underking",
    "underliking",
    "underling",
    "underlodging",
    "undermanning",
    "undermeaning",
    "underogating",
    "underpacking",
    "underpainting",
    "underpropping",
    "underrenting",
    "underriding",
    "underring",
    "underrunning",
    "undersetting",
    "undersettling",
    "undersheathing",
    "undershining",
    "undersinging",
    "undersomething",
    "underspring",
    "understrapping",
    "understriding",
    "understring",
    "understuffing",
    "underthing",
    "underthroating",
    "undervaulting",
    "underwing",
    "underworking",
    "undescrying",
    "undeserting",
    "undeserving",
    "undesigning",
    "undesiring",
    "undesisting",
    "undespairing",
    "undespising",
    "undesponding",
    "undeteriorating",
    "undetermining",
    "undeterring",
    "undetesting",
    "undetracting",
    "undeveloping",
    "undeviating",
    "undigesting",
    "undiminishing",
    "undisappearing",
    "undisappointing",
    "undiscerning",
    "undiscording",
    "undiscouraging",
    "undiscriminating",
    "undisdaining",
    "undisobliging",
    "undisowning",
    "undispatching",
    "undispensing",
    "undispersing",
    "undisplaying",
    "undisproving",
    "undisputing",
    "undissembling",
    "undissenting",
    "undissolving",
    "undistinguishing",
    "undistorting",
    "undistracting",
    "undisturbing",
    "undiverging",
    "undiverting",
    "undividing",
    "undivining",
    "undivorcing",
    "undivulging",
    "undomineering",
    "undonating",
    "undoting",
    "undoubting",
    "undreading",
    "undreaming",
    "undrinking",
    "undripping",
    "undrooping",
    "undrying",
    "unduelling",
    "undwindling",
    "undying",
    "uneating",
    "unebbing",
    "unechoing",
    "uneconomizing",
    "unedifying",
    "uneffusing",
    "unelating",
    "unelectrifying",
    "uneloping",
    "unelucidating",
    "unembarrassing",
    "unemerging",
    "unemigrating",
    "unencouraging",
    "unencroaching",
    "unencumbering",
    "unending",
    "unendowing",
    "unenduring",
    "unengaging",
    "unenjoying",
    "unenlightening",
    "unenlivening",
    "unennobling",
    "unenquiring",
    "unenriching",
    "unentering",
    "unenterprising",
    "unentertaining",
    "unenthralling",
    "unenticing",
    "unentreating",
    "unenvying",
    "unerasing",
    "unerring",
    "unexacting",
    "unexaggerating",
    "unexamining",
    "unexasperating",
    "unexcelling",
    "unexcepting",
    "unexciting",
    "unexclaiming",
    "unexcluding",
    "unexcruciating",
    "unexcusing",
    "unexecuting",
    "unexempting",
    "unexhilarating",
    "unexisting",
    "unexpanding",
    "unexpecting",
    "unexpiring",
    "unexplaining",
    "unexporting",
    "unexpostulating",
    "unextenuating",
    "unextravagating",
    "unfabling",
    "unfading",
    "unfailing",
    "unfainting",
    "unfalling",
    "unfaltering",
    "unfarming",
    "unfascinating",
    "unfasting",
    "unfatiguing",
    "unfaultfinding",
    "unfavoring",
    "unfawning",
    "unfearing",
    "unfeeding",
    "unfeeing",
    "unfeeling",
    "unfeigning",
    "unfelicitating",
    "unfermenting",
    "unfibbing",
    "unfidgeting",
    "unfighting",
    "unfilling",
    "unfiring",
    "unfishing",
    "unfixing",
    "unflagging",
    "unflaming",
    "unflapping",
    "unflashing",
    "unflattering",
    "unfleeing",
    "unfleeting",
    "unflickering",
    "unflinching",
    "unfloating",
    "unflourishing",
    "unflowing",
    "unfluctuating",
    "unfluttering",
    "unflying",
    "unfoaming",
    "unfollowing",
    "unfooling",
    "unforbearing",
    "unforbidding",
    "unforeboding",
    "unforeseeing",
    "unforgetting",
    "unforgiving",
    "unforsaking",
    "unfraternizing",
    "unfretting",
    "unfriending",
    "unfrowning",
    "unfulfilling",
    "unfumbling",
    "unfussing",
    "ungaining",
    "ungainsaying",
    "ungalling",
    "ungamboling",
    "ungazing",
    "ungerminating",
    "ungesting",
    "ungesturing",
    "ungiving",
    "unglistening",
    "unglittering",
    "ungloating",
    "unglorifying",
    "unglowing",
    "ungossiping",
    "ungoverning",
    "ungraduating",
    "ungrasping",
    "ungratifying",
    "ungrating",
    "ungrieving",
    "ungroaning",
    "ungrowing",
    "ungrudging",
    "ungrumbling",
    "ungushing",
    "unhaggling",
    "unhairing",
    "unhalting",
    "unharming",
    "unhasting",
    "unhating",
    "unhazarding",
    "unhealing",
    "unhearing",
    "unheeding",
    "unhelping",
    "unhesitating",
    "unhindering",
    "unhoarding",
    "unhoping",
    "unhurrying",
    "unhurting",
    "unhushing",
    "unhustling",
    "unidentifying",
    "unilluminating",
    "unimbibing",
    "unimitating",
    "unimmigrating",
    "unimpinging",
    "unimporting",
    "unimposing",
    "unimproving",
    "uninclining",
    "unincreasing",
    "uninebriating",
    "uninfluencing",
    "uninforming",
    "uninjuring",
    "uninnovating",
    "uninquiring",
    "uninspiring",
    "uninstructing",
    "uninsulting",
    "uninteresting",
    "unintermarrying",
    "unintermitting",
    "uninterposing",
    "uninterrupting",
    "unintervening",
    "unintoxicating",
    "unintriguing",
    "unintruding",
    "uninveighing",
    "uninvestigating",
    "uninviting",
    "unirritating",
    "unjarring",
    "unjesting",
    "unjogging",
    "unjoking",
    "unjudging",
    "unkenning",
    "unkilling",
    "unkindling",
    "unking",
    "unkneeling",
    "unknitting",
    "unknocking",
    "unknowing",
    "unlaboring",
    "unlagging",
    "unlanguishing",
    "unlapsing",
    "unlasting",
    "unlaughing",
    "unlaving",
    "unlettering",
    "unlifting",
    "unliking",
    "unlingering",
    "unliquidating",
    "unlisping",
    "unlistening",
    "unloafing",
    "unloaning",
    "unloving",
    "unlying",
    "unmarching",
    "unmarring",
    "unmarrying",
    "unmating",
    "unmaturing",
    "unmeaning",
    "unmeddling",
    "unmelting",
    "unmenacing",
    "unmenstruating",
    "unmeriting",
    "unmethodizing",
    "unmigrating",
    "unmincing",
    "unminding",
    "unmingling",
    "unmiscarrying",
    "unmisgiving",
    "unmistrusting",
    "unmisunderstanding",
    "unmocking",
    "unmoderating",
    "unmoldering",
    "unmolesting",
    "unmollifying",
    "unmonopolizing",
    "unmoralizing",
    "unmounting",
    "unmourning",
    "unmoving",
    "unmurmuring",
    "unnagging",
    "unnecessitating",
    "unnoticing",
    "unnoting",
    "unnourishing",
    "unobeying",
    "unobliging",
    "unobserving",
    "unobtruding",
    "unoccurring",
    "unoffending",
    "unofficiating",
    "unoiling",
    "unopening",
    "unoperating",
    "unoscillating",
    "unoverflowing",
    "unowing",
    "unpaining",
    "unpainstaking",
    "unpalpitating",
    "unpanting",
    "unparceling",
    "unparcelling",
    "unparching",
    "unpardoning",
    "unparking",
    "unparrying",
    "unpartaking",
    "unparticipating",
    "unparticularizing",
    "unpassing",
    "unpasting",
    "unpatronizing",
    "unpausing",
    "unpaving",
    "unpaying",
    "unpenetrating",
    "unpensioning",
    "unpeopling",
    "unperforming",
    "unperishing",
    "unpermitting",
    "unperplexing",
    "unpersevering",
    "unperspiring",
    "unpertaining",
    "unpiercing",
    "unpitying",
    "unplaying",
    "unpleading",
    "unpleasing",
    "unplodding",
    "unplotting",
    "unpointing",
    "unpolluting",
    "unposing",
    "unpossessing",
    "unpraying",
    "unpreaching",
    "unpredicting",
    "unpredisposing",
    "unpreparing",
    "unpreponderating",
    "unprepossessing",
    "unpresaging",
    "unpresiding",
    "unpresuming",
    "unpretending",
    "unprevailing",
    "unprevaricating",
    "unprofessing",
    "unprofiteering",
    "unprofiting",
    "unprojecting",
    "unpromising",
    "unpronouncing",
    "unproposing",
    "unprosecuting",
    "unprotesting",
    "unprotruding",
    "unproving",
    "unprovoking",
    "unprying",
    "unpuffing",
    "unpunctuating",
    "unpunishing",
    "unpurifying",
    "unpurposing",
    "unpursuing",
    "unquailing",
    "unquaking",
    "unqualifying",
    "unquarreling",
    "unquarrelling",
    "unqueening",
    "unquestioning",
    "unquibbling",
    "unquieting",
    "unquivering",
    "unracking",
    "unraking",
    "unrambling",
    "unraving",
    "unravishing",
    "unrealizing",
    "unreasoning",
    "unreassuring",
    "unreaving",
    "unrecalling",
    "unreceding",
    "unreceiving",
    "unrecking",
    "unreclaiming",
    "unreclining",
    "unrecognizing",
    "unrecording",
    "unrecreating",
    "unrecurring",
    "unredeeming",
    "unreeving",
    "unrefining",
    "unreflecting",
    "unreforming",
    "unrefracting",
    "unrefraining",
    "unrefreshing",
    "unrefunding",
    "unrefusing",
    "unrefuting",
    "unregenerating",
    "unregretting",
    "unrehearsing",
    "unreigning",
    "unrejoicing",
    "unrelapsing",
    "unrelating",
    "unrelaxing",
    "unreleasing",
    "unrelenting",
    "unrelinquishing",
    "unrelishing",
    "unremaining",
    "unremembering",
    "unremitting",
    "unremonstrating",
    "unremunerating",
    "unrenouncing",
    "unrepenting",
    "unrepining",
    "unreplying",
    "unreposing",
    "unreproaching",
    "unreproving",
    "unrepulsing",
    "unrequiting",
    "unresembling",
    "unresenting",
    "unresisting",
    "unresolving",
    "unresounding",
    "unresponding",
    "unresting",
    "unretaliating",
    "unretiring",
    "unretreating",
    "unreturning",
    "unrevealing",
    "unrevenging",
    "unreverting",
    "unrevolting",
    "unrevolving",
    "unrewarding",
    "unriddling",
    "unrigging",
    "unring",
    "unringing",
    "unrioting",
    "unripening",
    "unripping",
    "unrippling",
    "unrising",
    "unriveting",
    "unroaming",
    "unroofing",
    "unroosting",
    "unrooting",
    "unrotating",
    "unrounding",
    "unroving",
    "unruffling",
    "unruminating",
    "unrustling",
    "unsacrificing",
    "unsagging",
    "unsallying",
    "unsaluting",
    "unsanctioning",
    "unsatiating",
    "unsatisfying",
    "unsaving",
    "unscintillating",
    "unscoffing",
    "unscoring",
    "unscowling",
    "unscratching",
    "unscrutinizing",
    "unseafaring",
    "unseaming",
    "unsearching",
    "unseceding",
    "unsecreting",
    "unseeing",
    "unseeking",
    "unseeming",
    "unselecting",
    "unselling",
    "unsetting",
    "unsewing",
    "unshackling",
    "unshaking",
    "unsharing",
    "unsharpening",
    "unsharping",
    "unsheeting",
    "unshelling",
    "unsheltering",
    "unshepherding",
    "unshielding",
    "unshifting",
    "unshimmering",
    "unshining",
    "unshipping",
    "unshirking",
    "unshivering",
    "unshoeing",
    "unshouting",
    "unshrinking",
    "unshrugging",
    "unshuddering",
    "unsiding",
    "unsighing",
    "unsighting",
    "unsignifying",
    "unsinewing",
    "unsing",
    "unsinking",
    "unsinning",
    "unslackening",
    "unslacking",
    "unslating",
    "unsleeping",
    "unsliding",
    "unsling",
    "unslipping",
    "unsloughing",
    "unslumbering",
    "unsmelling",
    "unsmiling",
    "unsmirking",
    "unsmoking",
    "unsneering",
    "unsnoring",
    "unsoftening",
    "unsolacing",
    "unsoothing",
    "unsorrowing",
    "unsorting",
    "unsounding",
    "unsparing",
    "unsparkling",
    "unspeaking",
    "unspecializing",
    "unspeculating",
    "unspending",
    "unsphering",
    "unspiriting",
    "unsporting",
    "unspring",
    "unspringing",
    "unsprouting",
    "unspying",
    "unsquinting",
    "unstaggering",
    "unstagnating",
    "unstammering",
    "unstarting",
    "unstating",
    "unstaying",
    "unsteadying",
    "unsteaming",
    "unsticking",
    "unstimulating",
    "unsting",
    "unstinging",
    "unstinting",
    "unstirring",
    "unstitching",
    "unstocking",
    "unstooping",
    "unstraying",
    "unstriking",
    "unstriving",
    "unstruggling",
    "unstumbling",
    "unstuttering",
    "unsubmerging",
    "unsubmitting",
    "unsubscribing",
    "unsubsiding",
    "unsucceeding",
    "unsuccumbing",
    "unsuffering",
    "unsufficing",
    "unsuiting",
    "unsupporting",
    "unsurfeiting",
    "unsurging",
    "unsurmising",
    "unsurprising",
    "unsurrendering",
    "unsurviving",
    "unsuspecting",
    "unsustaining",
    "unswaddling",
    "unswarming",
    "unswathing",
    "unswaying",
    "unswearing",
    "unsweating",
    "unswelling",
    "unswerving",
    "unswing",
    "unswooning",
    "unsympathizing",
    "unsystematizing",
    "untacking",
    "untainting",
    "untaking",
    "untalking",
    "untantalizing",
    "untapering",
    "untarrying",
    "untasting",
    "untaxing",
    "unteaming",
    "unteeming",
    "untelling",
    "untempering",
    "untemporizing",
    "untempting",
    "unterminating",
    "unterrifying",
    "untestifying",
    "untethering",
    "unthanking",
    "unthinking",
    "unthinning",
    "unthirsting",
    "unthreading",
    "unthreatening",
    "unthrilling",
    "unthriving",
    "unthroning",
    "untilling",
    "untilting",
    "untiring",
    "untittering",
    "untoadying",
    "untoiling",
    "untopping",
    "untottering",
    "untouching",
    "untrading",
    "untransforming",
    "untranspiring",
    "untraveling",
    "untravelling",
    "untreading",
    "untrembling",
    "untrespassing",
    "untrifling",
    "untripping",
    "untruckling",
    "untrumping",
    "untrussing",
    "untrusting",
    "untrying",
    "untucking",
    "unturning",
    "untwinkling",
    "untwirling",
    "ununderstanding",
    "ununiting",
    "unupbraiding",
    "unurging",
    "unusurping",
    "unvacillating",
    "unvalidating",
    "unvanishing",
    "unvarying",
    "unvaulting",
    "unvaunting",
    "unveering",
    "unvibrating",
    "unvoicing",
    "unvolunteering",
    "unvoting",
    "unvoyaging",
    "unwading",
    "unwailing",
    "unwaiting",
    "unwakening",
    "unwaking",
    "unwalking",
    "unwandering",
    "unwaning",
    "unwarming",
    "unwarping",
    "unwassailing",
    "unwasting",
    "unwatching",
    "unwavering",
    "unwaving",
    "unwearing",
    "unwearying",
    "unwebbing",
    "unweeping",
    "unweeting",
    "unweighing",
    "unwhining",
    "unwhispering",
    "unwilling",
    "unwilting",
    "unwincing",
    "unwinking",
    "unwinning",
    "unwishing",
    "unwithdrawing",
    "unwithering",
    "unwithholding",
    "unwithstanding",
    "unwitting",
    "unwondering",
    "unworking",
    "unworshiping",
    "unworshipping",
    "unwotting",
    "unwrangling",
    "unwreathing",
    "unwresting",
    "unwriting",
    "unyearning",
    "unyielding",
    "uparching",
    "upbring",
    "upbulging",
    "upcoming",
    "upfling",
    "uplying",
    "upmaking",
    "upping",
    "uprighting",
    "upsitting",
    "upspring",
    "upstanding",
    "upswing",
    "upwring",
    "urling",
    "urning",
    "vaporing",
    "vasemaking",
    "vasoconstricting",
    "vasodilating",
    "vatmaking",
    "veilmaking",
    "veinbanding",
    "velveting",
    "versemaking",
    "versemongering",
    "vespering",
    "vetchling",
    "vialmaking",
    "vierling",
    "viking",
    "vineyarding",
    "vintaging",
    "violinmaking",
    "violmaking",
    "viperling",
    "vowmaking",
    "vraicking",
    "wadmaking",
    "wafermaking",
    "waganging",
    "wageworking",
    "wagling",
    "wagonmaking",
    "waibling",
    "wainscoting",
    "waistcoating",
    "waisting",
    "waitering",
    "waling",
    "wappenschawing",
    "wapping",
    "wardholding",
    "waremaking",
    "warfaring",
    "warmongering",
    "waspling",
    "waspnesting",
    "watchmaking",
    "waterlogging",
    "waxmaking",
    "waxwing",
    "waxworking",
    "wayfaring",
    "waygoing",
    "waying",
    "waysliding",
    "weakling",
    "wealthmaking",
    "weanling",
    "weaponmaking",
    "weaponshowing",
    "weatherboarding",
    "weathermaking",
    "webbing",
    "webmaking",
    "weedling",
    "weening",
    "weiring",
    "welfaring",
    "wellmaking",
    "wellring",
    "wellspring",
    "westering",
    "westing",
    "wheelmaking",
    "wheelwrighting",
    "whelpling",
    "whiffling",
    "whigling",
    "whimling",
    "whing",
    "whipking",
    "whipmaking",
    "whistlewing",
    "whitewing",
    "whitling",
    "whoremonging",
    "whuttering",
    "wicketkeeping",
    "wicking",
    "wifeling",
    "wigging",
    "wigmaking",
    "wildcatting",
    "wildering",
    "wilding",
    "wildling",
    "willmaking",
    "windbracing",
    "windjamming",
    "windling",
    "windowmaking",
    "windring",
    "winebibbing",
    "winegrowing",
    "winning",
    "winterkilling",
    "winterling",
    "wiredancing",
    "wiremaking",
    "wirepulling",
    "wireworking",
    "wirling",
    "wiseling",
    "witchering",
    "witling",
    "wittering",
    "witting",
    "wolfling",
    "wondermongering",
    "woning",
    "wonning",
    "wonting",
    "woodcutting",
    "wooding",
    "woodworking",
    "woolding",
    "woolgrowing",
    "woolshearing",
    "woolsorting",
    "woolworking",
    "wordbuilding",
    "wordmaking",
    "wordmongering",
    "worldling",
    "worldmaking",
    "wormling",
    "wrappering",
    "wreathmaking",
    "writerling",
    "writmaking",
    "wrongdoing",
    "xeroprinting",
    "yarding",
    "yealing",
    "yeanling",
    "yearling",
    "yearnling",
    "yeasting",
    "yeorling",
    "yesterevening",
    "yestermorning",
    "yokemating",
    "yoldring",
    "youngling",
    "yowlring",
    "zing",
    "zoografting",
